# JRE version: OpenJDK Runtime Environment (18.0.2.1+1) (build 18.0.2.1+1-1)
# Java VM: OpenJDK 64-Bit Server VM (18.0.2.1+1-1, mixed mode, emulated-client, sharing, tiered, compressed oops, compressed class ptrs, g1 gc, windows-amd64)
GC Precious Log:
 CardTable entry size: 512
 Card Set container configuration: InlinePtr #cards 5 size 8 Array Of Cards #cards 12 size 40 Howl #buckets 4 coarsen threshold 1843 Howl Bitmap #cards 512 size 80 coarsen threshold 460 Card regions per heap region 1 cards per card region 2048
 CPUs: 8 total, 8 available
 Memory: 7620M
 Large Page Support: Disabled
 NUMA Support: Disabled
 Compressed Oops: Enabled (32-bit)
 Heap Region Size: 1M
 Heap Min Capacity: 8M
 Heap Initial Capacity: 120M
 Heap Max Capacity: 1906M
 Pre-touch: Disabled
 Parallel Workers: 8
 Concurrent Workers: 2
 Concurrent Refinement Workers: 8
 Periodic GC: Disabled
Heap:
 garbage-first heap   total 66560K, used 36374K [0x0000000088e00000, 0x0000000100000000)
  region size 1024K, 3 young (3072K), 2 survivors (2048K)
 Metaspace       used 63799K, committed 64576K, reserved 1114112K
  class space    used 8914K, committed 9280K, reserved 1048576K
GC Heap History (20 events):
Event: 11.095 GC heap before
{Heap before GC invocations=11 (full 0):
 garbage-first heap   total 55296K, used 41063K [0x0000000088e00000, 0x0000000100000000)
  region size 1024K, 20 young (20480K), 3 survivors (3072K)
 Metaspace       used 43842K, committed 44480K, reserved 1114112K
  class space    used 5818K, committed 6144K, reserved 1048576K
}
Event: 11.101 GC heap after
{Heap after GC invocations=12 (full 0):
 garbage-first heap   total 55296K, used 26187K [0x0000000088e00000, 0x0000000100000000)
  region size 1024K, 2 young (2048K), 2 survivors (2048K)
 Metaspace       used 43842K, committed 44480K, reserved 1114112K
  class space    used 5818K, committed 6144K, reserved 1048576K
}
Event: 11.798 GC heap before
{Heap before GC invocations=12 (full 0):
 garbage-first heap   total 55296K, used 42571K [0x0000000088e00000, 0x0000000100000000)
  region size 1024K, 18 young (18432K), 2 survivors (2048K)
 Metaspace       used 48328K, committed 48960K, reserved 1114112K
  class space    used 6549K, committed 6848K, reserved 1048576K
}
Event: 11.802 GC heap after
{Heap after GC invocations=13 (full 0):
 garbage-first heap   total 55296K, used 26657K [0x0000000088e00000, 0x0000000100000000)
  region size 1024K, 3 young (3072K), 3 survivors (3072K)
 Metaspace       used 48328K, committed 48960K, reserved 1114112K
  class space    used 6549K, committed 6848K, reserved 1048576K
}
Event: 12.817 GC heap before
{Heap before GC invocations=14 (full 0):
 garbage-first heap   total 55296K, used 42017K [0x0000000088e00000, 0x0000000100000000)
  region size 1024K, 19 young (19456K), 3 survivors (3072K)
 Metaspace       used 50434K, committed 51072K, reserved 1114112K
  class space    used 6933K, committed 7232K, reserved 1048576K
}
Event: 12.822 GC heap after
{Heap after GC invocations=15 (full 0):
 garbage-first heap   total 55296K, used 27177K [0x0000000088e00000, 0x0000000100000000)
  region size 1024K, 2 young (2048K), 2 survivors (2048K)
 Metaspace       used 50434K, committed 51072K, reserved 1114112K
  class space    used 6933K, committed 7232K, reserved 1048576K
}
Event: 13.815 GC heap before
{Heap before GC invocations=15 (full 0):
 garbage-first heap   total 55296K, used 43561K [0x0000000088e00000, 0x0000000100000000)
  region size 1024K, 18 young (18432K), 2 survivors (2048K)
 Metaspace       used 53493K, committed 54080K, reserved 1114112K
  class space    used 7348K, committed 7616K, reserved 1048576K
}
Event: 13.821 GC heap after
{Heap after GC invocations=16 (full 0):
 garbage-first heap   total 55296K, used 28320K [0x0000000088e00000, 0x0000000100000000)
  region size 1024K, 3 young (3072K), 3 survivors (3072K)
 Metaspace       used 53493K, committed 54080K, reserved 1114112K
  class space    used 7348K, committed 7616K, reserved 1048576K
}
Event: 14.446 GC heap before
{Heap before GC invocations=17 (full 0):
 garbage-first heap   total 55296K, used 42656K [0x0000000088e00000, 0x0000000100000000)
  region size 1024K, 18 young (18432K), 3 survivors (3072K)
 Metaspace       used 56146K, committed 56768K, reserved 1114112K
  class space    used 7734K, committed 8000K, reserved 1048576K
}
Event: 14.458 GC heap after
{Heap after GC invocations=18 (full 0):
 garbage-first heap   total 55296K, used 29595K [0x0000000088e00000, 0x0000000100000000)
  region size 1024K, 3 young (3072K), 3 survivors (3072K)
 Metaspace       used 56146K, committed 56768K, reserved 1114112K
  class space    used 7734K, committed 8000K, reserved 1048576K
}
Event: 14.875 GC heap before
{Heap before GC invocations=18 (full 0):
 garbage-first heap   total 55296K, used 43931K [0x0000000088e00000, 0x0000000100000000)
  region size 1024K, 17 young (17408K), 3 survivors (3072K)
 Metaspace       used 56718K, committed 57280K, reserved 1114112K
  class space    used 7814K, committed 8064K, reserved 1048576K
}
Event: 14.882 GC heap after
{Heap after GC invocations=19 (full 0):
 garbage-first heap   total 66560K, used 30087K [0x0000000088e00000, 0x0000000100000000)
  region size 1024K, 2 young (2048K), 2 survivors (2048K)
 Metaspace       used 56718K, committed 57280K, reserved 1114112K
  class space    used 7814K, committed 8064K, reserved 1048576K
}
Event: 15.418 GC heap before
{Heap before GC invocations=20 (full 0):
 garbage-first heap   total 66560K, used 52615K [0x0000000088e00000, 0x0000000100000000)
  region size 1024K, 25 young (25600K), 2 survivors (2048K)
 Metaspace       used 57421K, committed 57984K, reserved 1114112K
  class space    used 7931K, committed 8192K, reserved 1048576K
}
Event: 15.430 GC heap after
{Heap after GC invocations=21 (full 0):
 garbage-first heap   total 66560K, used 31152K [0x0000000088e00000, 0x0000000100000000)
  region size 1024K, 3 young (3072K), 3 survivors (3072K)
 Metaspace       used 57421K, committed 57984K, reserved 1114112K
  class space    used 7931K, committed 8192K, reserved 1048576K
}
Event: 16.232 GC heap before
{Heap before GC invocations=21 (full 0):
 garbage-first heap   total 66560K, used 53680K [0x0000000088e00000, 0x0000000100000000)
  region size 1024K, 25 young (25600K), 3 survivors (3072K)
 Metaspace       used 59851K, committed 60480K, reserved 1114112K
  class space    used 8319K, committed 8640K, reserved 1048576K
}
Event: 16.239 GC heap after
{Heap after GC invocations=22 (full 0):
 garbage-first heap   total 66560K, used 33031K [0x0000000088e00000, 0x0000000100000000)
  region size 1024K, 4 young (4096K), 4 survivors (4096K)
 Metaspace       used 59851K, committed 60480K, reserved 1114112K
  class space    used 8319K, committed 8640K, reserved 1048576K
}
Event: 17.026 GC heap before
{Heap before GC invocations=22 (full 0):
 garbage-first heap   total 66560K, used 53511K [0x0000000088e00000, 0x0000000100000000)
  region size 1024K, 24 young (24576K), 4 survivors (4096K)
 Metaspace       used 62571K, committed 63360K, reserved 1114112K
  class space    used 8727K, committed 9088K, reserved 1048576K
}
Event: 17.034 GC heap after
{Heap after GC invocations=23 (full 0):
 garbage-first heap   total 66560K, used 34770K [0x0000000088e00000, 0x0000000100000000)
  region size 1024K, 2 young (2048K), 2 survivors (2048K)
 Metaspace       used 62571K, committed 63360K, reserved 1114112K
  class space    used 8727K, committed 9088K, reserved 1048576K
}
Event: 71.097 GC heap before
{Heap before GC invocations=23 (full 0):
 garbage-first heap   total 66560K, used 54226K [0x0000000088e00000, 0x0000000100000000)
  region size 1024K, 21 young (21504K), 2 survivors (2048K)
 Metaspace       used 63799K, committed 64576K, reserved 1114112K
  class space    used 8914K, committed 9280K, reserved 1048576K
}
Event: 71.115 GC heap after
{Heap after GC invocations=24 (full 0):
 garbage-first heap   total 66560K, used 36374K [0x0000000088e00000, 0x0000000100000000)
  region size 1024K, 2 young (2048K), 2 survivors (2048K)
 Metaspace       used 63799K, committed 64576K, reserved 1114112K
  class space    used 8914K, committed 9280K, reserved 1048576K
}

